Assuming unrestricted shared filesystem usage.
None
host: incline31
Building DAG of jobs...
Using shell: /usr/bin/bash
Provided cores: 2
Rules claiming more threads will be scaled down.
Job stats:
job                                          count
-----------------------------------------  -------
all                                              1
extract_variants_tidy_gnomad_variants            1
tidy_data_for_plots_parse_gnomad_variants        1
total                                            3

Select jobs to execute...
Execute 1 jobs...
[Thu Sep 18 11:18:06 2025]
localrule extract_variants_tidy_gnomad_variants:
    input: data/interim/gnomad_snrna_variants.vcf.gz, data/interim/snrnas.bed, experiments/extract_variants/filter_gnomad_variants.sh
    output: data/interim/gnomad_snrna_variants_tidy.tsv, data/interim/header_bed_info.txt
    jobid: 3
    reason: Missing output files: data/interim/gnomad_snrna_variants_tidy.tsv
    resources: tmpdir=/tmp
Activating conda environment: vep
RuleException:
CalledProcessError in file "/mnt/bmh01-rds/Ellingford_gene/crdg_interview/workflow/extract_variants.smk", line 28:
Command 'source /mnt/iusers01/bk01/m40482ab/miniforge3/bin/activate 'vep'; set -euo pipefail;  experiments/extract_variants/filter_gnomad_variants.sh' returned non-zero exit status 126.
[Thu Sep 18 11:18:07 2025]
Error in rule extract_variants_tidy_gnomad_variants:
    message: None
    jobid: 3
    input: data/interim/gnomad_snrna_variants.vcf.gz, data/interim/snrnas.bed, experiments/extract_variants/filter_gnomad_variants.sh
    output: data/interim/gnomad_snrna_variants_tidy.tsv, data/interim/header_bed_info.txt
    conda-env: vep
    shell:
        experiments/extract_variants/filter_gnomad_variants.sh
        (command exited with non-zero exit code)
Shutting down, this might take some time.
Exiting because a job execution failed. Look below for error messages
[Thu Sep 18 11:18:11 2025]
Error in rule extract_variants_tidy_gnomad_variants:
    message: None
    jobid: 3
    input: data/interim/gnomad_snrna_variants.vcf.gz, data/interim/snrnas.bed, experiments/extract_variants/filter_gnomad_variants.sh
    output: data/interim/gnomad_snrna_variants_tidy.tsv, data/interim/header_bed_info.txt
    conda-env: vep
    shell:
        experiments/extract_variants/filter_gnomad_variants.sh
        (command exited with non-zero exit code)
Complete log(s): /mnt/bmh01-rds/Ellingford_gene/crdg_interview/.snakemake/log/2025-09-18T111806.458533.snakemake.log
WorkflowError:
At least one job did not complete successfully.
