Assuming unrestricted shared filesystem usage.
None
host: incline31
Building DAG of jobs...
Using shell: /usr/bin/bash
Provided cores: 2
Rules claiming more threads will be scaled down.
Job stats:
job                                          count
-----------------------------------------  -------
all                                              1
extract_variants_extract_gnomad_variants         1
extract_variants_tidy_gnomad_variants            1
tidy_data_for_plots_parse_gnomad_variants        1
total                                            4

Select jobs to execute...
Execute 1 jobs...
[Thu Sep 18 11:13:53 2025]
localrule extract_variants_extract_gnomad_variants:
    input: experiments/extract_variants/extract_gnomad_variants_in_snrnas.sh, data/interim/snrnas_merged.bed
    output: data/interim/gnomad_snrna_variants.vcf.gz, data/interim/gnomad_snrna_variants.vcf.gz.tbi, data/stats/gnomad_snrna_bcftools_stats.txt
    jobid: 4
    reason: Updated input files: data/interim/snrnas_merged.bed
    resources: tmpdir=/tmp
Activating conda environment: vep
Terminating processes on user request, this might take some time.
RuleException:
CalledProcessError in file "/mnt/bmh01-rds/Ellingford_gene/crdg_interview/workflow/extract_variants.smk", line 16:
Command 'source /mnt/iusers01/bk01/m40482ab/miniforge3/bin/activate 'vep'; set -euo pipefail;  bash experiments/extract_variants/extract_gnomad_variants_in_snrnas.sh' returned non-zero exit status 255.
[Thu Sep 18 11:16:00 2025]
Error in rule extract_variants_extract_gnomad_variants:
    message: None
    jobid: 4
    input: experiments/extract_variants/extract_gnomad_variants_in_snrnas.sh, data/interim/snrnas_merged.bed
    output: data/interim/gnomad_snrna_variants.vcf.gz, data/interim/gnomad_snrna_variants.vcf.gz.tbi, data/stats/gnomad_snrna_bcftools_stats.txt
    conda-env: vep
    shell:
        bash experiments/extract_variants/extract_gnomad_variants_in_snrnas.sh
        (command exited with non-zero exit code)
Complete log(s): /mnt/bmh01-rds/Ellingford_gene/crdg_interview/.snakemake/log/2025-09-18T111353.109751.snakemake.log
WorkflowError:
At least one job did not complete successfully.
