Assuming unrestricted shared filesystem usage.
None
host: incline31
Building DAG of jobs...
Using shell: /usr/bin/bash
Provided cores: 2
Rules claiming more threads will be scaled down.
Job stats:
job                                        count
---------------------------------------  -------
extract_snrna_genes_all                        1
extract_snrna_genes_merge_bed_intervals        1
total                                          2

Select jobs to execute...
Execute 1 jobs...
[Thu Sep 18 10:51:48 2025]
localrule extract_snrna_genes_merge_bed_intervals:
    input: data/interim/snrnas.bed, experiments/extract_snrna_genes/merge_snrna_bed_file.sh
    output: data/interim/snrnas_merged.bed
    jobid: 1
    reason: Missing output files: data/interim/snrnas_merged.bed; Software environment definition has changed since last execution
    resources: tmpdir=/tmp
Activating conda environment: vep
[Thu Sep 18 10:52:02 2025]
Finished jobid: 1 (Rule: extract_snrna_genes_merge_bed_intervals)
1 of 2 steps (50%) done
Select jobs to execute...
Execute 1 jobs...
[Thu Sep 18 10:52:02 2025]
localrule extract_snrna_genes_all:
    input: data/interim/snrnas_merged.bed
    jobid: 0
    reason: Input files updated by another job: data/interim/snrnas_merged.bed
    resources: tmpdir=/tmp
[Thu Sep 18 10:52:02 2025]
Finished jobid: 0 (Rule: extract_snrna_genes_all)
2 of 2 steps (100%) done
Complete log(s): /mnt/bmh01-rds/Ellingford_gene/crdg_interview/.snakemake/log/2025-09-18T105148.670514.snakemake.log
