Assuming unrestricted shared filesystem usage.
None
host: incline31
Building DAG of jobs...
Using shell: /usr/bin/bash
Provided cores: 2
Rules claiming more threads will be scaled down.
Job stats:
job                                          count
-----------------------------------------  -------
all                                              1
tidy_data_for_plots_parse_gnomad_variants        1
total                                            2

Select jobs to execute...
Execute 1 jobs...
[Thu Sep 18 11:25:48 2025]
localrule tidy_data_for_plots_parse_gnomad_variants:
    input: data/interim/gnomad_snrna_variants_tidy.tsv, experiments/tidy_data_for_plots/parse_gnomad_variants.py
    output: data/interim/gnomad_snrna_variants_tidier.tsv
    log: logs/experiments.tidy_data_for_plots.parse_gnomad_variants.log
    jobid: 5
    reason: Code has changed since last execution
    resources: tmpdir=/tmp
Activating conda environment: crdg_test
[Thu Sep 18 11:25:54 2025]
Finished jobid: 5 (Rule: tidy_data_for_plots_parse_gnomad_variants)
1 of 2 steps (50%) done
Select jobs to execute...
Execute 1 jobs...
[Thu Sep 18 11:25:54 2025]
localrule all:
    input: data/interim/snrnas_merged.bed, data/interim/gnomad_snrna_variants_tidy.tsv, data/interim/gnomad_snrna_variants_tidier.tsv
    jobid: 0
    reason: Input files updated by another job: data/interim/gnomad_snrna_variants_tidier.tsv
    resources: tmpdir=/tmp
[Thu Sep 18 11:25:54 2025]
Finished jobid: 0 (Rule: all)
2 of 2 steps (100%) done
Complete log(s): /mnt/bmh01-rds/Ellingford_gene/crdg_interview/.snakemake/log/2025-09-18T112548.552809.snakemake.log
