Assuming unrestricted shared filesystem usage.
None
host: incline31
Building DAG of jobs...
Using shell: /usr/bin/bash
Provided cores: 2
Rules claiming more threads will be scaled down.
Job stats:
job                                          count
-----------------------------------------  -------
all                                              1
tidy_data_for_plots_parse_gnomad_variants        1
total                                            2

Select jobs to execute...
Execute 1 jobs...
[Thu Sep 18 11:21:43 2025]
localrule tidy_data_for_plots_parse_gnomad_variants:
    input: data/interim/gnomad_snrna_variants_tidy.tsv, experiments/tidy_data_for_plots/parse_gnomad_variants.py
    output: data/interim/gnomad_snrna_variants_tidier.tsv
    jobid: 5
    reason: Missing output files: data/interim/gnomad_snrna_variants_tidier.tsv; Code has changed since last execution
    resources: tmpdir=/tmp
Activating conda environment: crdg_test
RuleException:
CalledProcessError in file "/mnt/bmh01-rds/Ellingford_gene/crdg_interview/workflow/tidy_data_for_plots.smk", line 14:
Command 'source /mnt/iusers01/bk01/m40482ab/miniforge3/bin/activate 'crdg_test'; set -euo pipefail;  python 3 -m experiments.tidy_data_for_plots.parse_gnomad_variants' returned non-zero exit status 2.
[Thu Sep 18 11:21:45 2025]
Error in rule tidy_data_for_plots_parse_gnomad_variants:
    message: None
    jobid: 5
    input: data/interim/gnomad_snrna_variants_tidy.tsv, experiments/tidy_data_for_plots/parse_gnomad_variants.py
    output: data/interim/gnomad_snrna_variants_tidier.tsv
    conda-env: crdg_test
    shell:
        python 3 -m experiments.tidy_data_for_plots.parse_gnomad_variants
        (command exited with non-zero exit code)
Shutting down, this might take some time.
Exiting because a job execution failed. Look below for error messages
[Thu Sep 18 11:21:47 2025]
Error in rule tidy_data_for_plots_parse_gnomad_variants:
    message: None
    jobid: 5
    input: data/interim/gnomad_snrna_variants_tidy.tsv, experiments/tidy_data_for_plots/parse_gnomad_variants.py
    output: data/interim/gnomad_snrna_variants_tidier.tsv
    conda-env: crdg_test
    shell:
        python 3 -m experiments.tidy_data_for_plots.parse_gnomad_variants
        (command exited with non-zero exit code)
Complete log(s): /mnt/bmh01-rds/Ellingford_gene/crdg_interview/.snakemake/log/2025-09-18T112143.819243.snakemake.log
WorkflowError:
At least one job did not complete successfully.
