Assuming unrestricted shared filesystem usage.
None
host: incline31
Building DAG of jobs...
Using shell: /usr/bin/bash
Provided cores: 2
Rules claiming more threads will be scaled down.
Job stats:
job                                          count
-----------------------------------------  -------
tidy_data_for_plots_parse_gnomad_variants        1
total                                            1

Select jobs to execute...
Execute 1 jobs...
[Thu Sep 18 11:26:51 2025]
localrule tidy_data_for_plots_parse_gnomad_variants:
    input: data/interim/gnomad_snrna_variants_tidy.tsv, experiments/tidy_data_for_plots/parse_gnomad_variants.py
    output: data/interim/gnomad_snrna_variants_tidier.tsv
    log: data/logs/experiments.tidy_data_for_plots.parse_gnomad_variants.log
    jobid: 0
    reason: Forced execution
    resources: tmpdir=/tmp
Activating conda environment: crdg_test
[Thu Sep 18 11:26:57 2025]
Finished jobid: 0 (Rule: tidy_data_for_plots_parse_gnomad_variants)
1 of 1 steps (100%) done
Complete log(s): /mnt/bmh01-rds/Ellingford_gene/crdg_interview/.snakemake/log/2025-09-18T112650.979022.snakemake.log
