Assuming unrestricted shared filesystem usage.
None
host: incline31
Building DAG of jobs...
Using shell: /usr/bin/bash
Provided cores: 2
Rules claiming more threads will be scaled down.
Job stats:
job                                        count
---------------------------------------  -------
extract_snrna_genes_all                        1
extract_snrna_genes_merge_bed_intervals        1
total                                          2

Select jobs to execute...
Execute 1 jobs...
[Thu Sep 18 10:51:00 2025]
localrule extract_snrna_genes_merge_bed_intervals:
    input: data/interim/snrnas.bed, experiments/extract_snrna_genes/merge_snrna_bed_file.sh
    output: data/interim/snrnas_merged.bed
    jobid: 1
    reason: Updated input files: data/interim/snrnas.bed, experiments/extract_snrna_genes/merge_snrna_bed_file.sh
    resources: tmpdir=/tmp
RuleException:
CalledProcessError in file "/mnt/bmh01-rds/Ellingford_gene/crdg_interview/workflow/extract_snrna_genes.smk", line 23:
Command 'set -euo pipefail;  bash experiments/extract_snrna_genes/merge_snrna_bed_file.sh' returned non-zero exit status 127.
[Thu Sep 18 10:51:01 2025]
Error in rule extract_snrna_genes_merge_bed_intervals:
    message: None
    jobid: 1
    input: data/interim/snrnas.bed, experiments/extract_snrna_genes/merge_snrna_bed_file.sh
    output: data/interim/snrnas_merged.bed
    shell:
        bash experiments/extract_snrna_genes/merge_snrna_bed_file.sh
        (command exited with non-zero exit code)
Removing output files of failed job extract_snrna_genes_merge_bed_intervals since they might be corrupted:
data/interim/snrnas_merged.bed
Shutting down, this might take some time.
Exiting because a job execution failed. Look below for error messages
[Thu Sep 18 10:51:01 2025]
Error in rule extract_snrna_genes_merge_bed_intervals:
    message: None
    jobid: 1
    input: data/interim/snrnas.bed, experiments/extract_snrna_genes/merge_snrna_bed_file.sh
    output: data/interim/snrnas_merged.bed
    shell:
        bash experiments/extract_snrna_genes/merge_snrna_bed_file.sh
        (command exited with non-zero exit code)
Complete log(s): /mnt/bmh01-rds/Ellingford_gene/crdg_interview/.snakemake/log/2025-09-18T105100.297088.snakemake.log
WorkflowError:
At least one job did not complete successfully.
