Assuming unrestricted shared filesystem usage.
None
host: incline31
Building DAG of jobs...
Using shell: /usr/bin/bash
Provided cores: 2
Rules claiming more threads will be scaled down.
Job stats:
job                                        count
---------------------------------------  -------
all                                            1
tidy_data_for_plots_get_variant_density        1
total                                          2

Select jobs to execute...
Execute 1 jobs...
[Thu Sep 18 11:37:36 2025]
localrule tidy_data_for_plots_get_variant_density:
    input: data/interim/gnomad_snrna_variants_tidier.tsv
    output: data/final/snrna_variant_counts.tsv
    log: data/logs/experiments.tidy_data_for_plots.get_variant_density.log
    jobid: 5
    reason: Updated input files: data/interim/gnomad_snrna_variants_tidier.tsv
    resources: tmpdir=/tmp
Activating conda environment: crdg_test
[Thu Sep 18 11:37:41 2025]
Finished jobid: 5 (Rule: tidy_data_for_plots_get_variant_density)
1 of 2 steps (50%) done
Select jobs to execute...
Execute 1 jobs...
[Thu Sep 18 11:37:41 2025]
localrule all:
    input: data/interim/snrnas_merged.bed, data/interim/gnomad_snrna_variants_tidy.tsv, data/final/snrna_variant_counts.tsv
    jobid: 0
    reason: Input files updated by another job: data/final/snrna_variant_counts.tsv
    resources: tmpdir=/tmp
[Thu Sep 18 11:37:41 2025]
Finished jobid: 0 (Rule: all)
2 of 2 steps (100%) done
Complete log(s): /mnt/bmh01-rds/Ellingford_gene/crdg_interview/.snakemake/log/2025-09-18T113736.206720.snakemake.log
