Assuming unrestricted shared filesystem usage.
None
host: incline31
Building DAG of jobs...
Using shell: /usr/bin/bash
Provided cores: 2
Rules claiming more threads will be scaled down.
Job stats:
job                                          count
-----------------------------------------  -------
all                                              1
tidy_data_for_plots_get_variant_density          1
tidy_data_for_plots_parse_gnomad_variants        1
total                                            3

Select jobs to execute...
Execute 1 jobs...
[Thu Sep 18 12:13:45 2025]
localrule tidy_data_for_plots_parse_gnomad_variants:
    input: data/interim/gnomad_snrna_variants_tidy.tsv, experiments/variant_density/parse_gnomad_variants.py
    output: data/interim/gnomad_snrna_variants_tidy_density.tsv
    log: data/logs/experiments.variant_density.parse_gnomad_variants.log
    jobid: 6
    reason: Missing output files: data/interim/gnomad_snrna_variants_tidy_density.tsv; Updated input files: experiments/variant_density/parse_gnomad_variants.py
    resources: tmpdir=/tmp
Activating conda environment: crdg_test
[Thu Sep 18 12:13:51 2025]
Finished jobid: 6 (Rule: tidy_data_for_plots_parse_gnomad_variants)
1 of 3 steps (33%) done
Select jobs to execute...
Execute 1 jobs...
[Thu Sep 18 12:13:51 2025]
localrule tidy_data_for_plots_get_variant_density:
    input: data/interim/gnomad_snrna_variants_tidy_density.tsv
    output: data/final/snrna_variant_counts.tsv
    log: data/logs/experiments.variant_density.get_variant_density.log
    jobid: 5
    reason: Input files updated by another job: data/interim/gnomad_snrna_variants_tidy_density.tsv
    resources: tmpdir=/tmp
Activating conda environment: crdg_test
[Thu Sep 18 12:13:53 2025]
Finished jobid: 5 (Rule: tidy_data_for_plots_get_variant_density)
2 of 3 steps (67%) done
Select jobs to execute...
Execute 1 jobs...
[Thu Sep 18 12:13:53 2025]
localrule all:
    input: data/interim/snrnas_merged.bed, data/interim/gnomad_snrna_variants_tidy.tsv, data/final/snrna_variant_counts.tsv
    jobid: 0
    reason: Input files updated by another job: data/final/snrna_variant_counts.tsv
    resources: tmpdir=/tmp
[Thu Sep 18 12:13:53 2025]
Finished jobid: 0 (Rule: all)
3 of 3 steps (100%) done
Complete log(s): /mnt/bmh01-rds/Ellingford_gene/crdg_interview/.snakemake/log/2025-09-18T121345.174144.snakemake.log
